# JRE version: Java(TM) SE Runtime Environment (11.0.5+10) (build 11.0.5+10-LTS)
# Java VM: Java HotSpot(TM) 64-Bit Server VM (11.0.5+10-LTS, mixed mode, tiered, compressed oops, g1 gc, windows-amd64)
Heap:
 garbage-first heap   total 315392K, used 143140K [0x0000000701200000, 0x0000000800000000)
  region size 1024K, 135 young (138240K), 14 survivors (14336K)
 Metaspace       used 64019K, capacity 65351K, committed 65544K, reserved 1105920K
  class space    used 8085K, capacity 8630K, committed 8704K, reserved 1048576K
GC Heap History (10 events):
Event: 2.760 GC heap before
{Heap before GC invocations=5 (full 0):
 garbage-first heap   total 262144K, used 50599K [0x0000000701200000, 0x0000000800000000)
  region size 1024K, 45 young (46080K), 3 survivors (3072K)
 Metaspace       used 25028K, capacity 25629K, committed 25904K, reserved 1073152K
  class space    used 2895K, capacity 3101K, committed 3200K, reserved 1048576K
}
Event: 2.766 GC heap after
{Heap after GC invocations=6 (full 0):
 garbage-first heap   total 262144K, used 9360K [0x0000000701200000, 0x0000000800000000)
  region size 1024K, 4 young (4096K), 4 survivors (4096K)
 Metaspace       used 25028K, capacity 25629K, committed 25904K, reserved 1073152K
  class space    used 2895K, capacity 3101K, committed 3200K, reserved 1048576K
}
Event: 4.738 GC heap before
{Heap before GC invocations=6 (full 0):
 garbage-first heap   total 262144K, used 83088K [0x0000000701200000, 0x0000000800000000)
  region size 1024K, 77 young (78848K), 4 survivors (4096K)
 Metaspace       used 31668K, capacity 32409K, committed 32688K, reserved 1077248K
  class space    used 3738K, capacity 4046K, committed 4096K, reserved 1048576K
}
Event: 4.748 GC heap after
{Heap after GC invocations=7 (full 0):
 garbage-first heap   total 262144K, used 11959K [0x0000000701200000, 0x0000000800000000)
  region size 1024K, 6 young (6144K), 6 survivors (6144K)
 Metaspace       used 31668K, capacity 32409K, committed 32688K, reserved 1077248K
  class space    used 3738K, capacity 4046K, committed 4096K, reserved 1048576K
}
Event: 5.926 GC heap before
{Heap before GC invocations=7 (full 0):
 garbage-first heap   total 262144K, used 29367K [0x0000000701200000, 0x0000000800000000)
  region size 1024K, 24 young (24576K), 6 survivors (6144K)
 Metaspace       used 34888K, capacity 35749K, committed 35920K, reserved 1081344K
  class space    used 4164K, capacity 4520K, committed 4608K, reserved 1048576K
}
Event: 5.943 GC heap after
{Heap after GC invocations=8 (full 0):
 garbage-first heap   total 315392K, used 13618K [0x0000000701200000, 0x0000000800000000)
  region size 1024K, 8 young (8192K), 8 survivors (8192K)
 Metaspace       used 34888K, capacity 35749K, committed 35920K, reserved 1081344K
  class space    used 4164K, capacity 4520K, committed 4608K, reserved 1048576K
}
Event: 8.898 GC heap before
{Heap before GC invocations=9 (full 0):
 garbage-first heap   total 315392K, used 140594K [0x0000000701200000, 0x0000000800000000)
  region size 1024K, 133 young (136192K), 8 survivors (8192K)
 Metaspace       used 53083K, capacity 54047K, committed 54352K, reserved 1097728K
  class space    used 6714K, capacity 7117K, committed 7168K, reserved 1048576K
}
Event: 8.913 GC heap after
{Heap after GC invocations=10 (full 0):
 garbage-first heap   total 315392K, used 18213K [0x0000000701200000, 0x0000000800000000)
  region size 1024K, 12 young (12288K), 12 survivors (12288K)
 Metaspace       used 53083K, capacity 54047K, committed 54352K, reserved 1097728K
  class space    used 6714K, capacity 7117K, committed 7168K, reserved 1048576K
}
Event: 10.334 GC heap before
{Heap before GC invocations=10 (full 0):
 garbage-first heap   total 315392K, used 61221K [0x0000000701200000, 0x0000000800000000)
  region size 1024K, 55 young (56320K), 12 survivors (12288K)
 Metaspace       used 59015K, capacity 60181K, committed 60296K, reserved 1101824K
  class space    used 7521K, capacity 8004K, committed 8064K, reserved 1048576K
}
Event: 10.360 GC heap after
{Heap after GC invocations=11 (full 0):
 garbage-first heap   total 315392K, used 20260K [0x0000000701200000, 0x0000000800000000)
  region size 1024K, 14 young (14336K), 14 survivors (14336K)
 Metaspace       used 59015K, capacity 60181K, committed 60296K, reserved 1101824K
  class space    used 7521K, capacity 8004K, committed 8064K, reserved 1048576K
}

