# JRE version: Java(TM) SE Runtime Environment (11.0.5+10) (build 11.0.5+10-LTS)
# Java VM: Java HotSpot(TM) 64-Bit Server VM (11.0.5+10-LTS, mixed mode, tiered, compressed oops, g1 gc, windows-amd64)
Heap:
 garbage-first heap   total 315392K, used 91679K [0x0000000701200000, 0x0000000800000000)
  region size 1024K, 85 young (87040K), 14 survivors (14336K)
 Metaspace       used 63880K, capacity 65260K, committed 65536K, reserved 1105920K
  class space    used 8100K, capacity 8665K, committed 8704K, reserved 1048576K
GC Heap History (10 events):
Event: 2.199 GC heap before
{Heap before GC invocations=3 (full 0):
 garbage-first heap   total 262144K, used 37114K [0x0000000701200000, 0x0000000800000000)
  region size 1024K, 34 young (34816K), 5 survivors (5120K)
 Metaspace       used 25529K, capacity 26060K, committed 26240K, reserved 1073152K
  class space    used 2973K, capacity 3165K, committed 3200K, reserved 1048576K
}
Event: 2.206 GC heap after
{Heap after GC invocations=4 (full 0):
 garbage-first heap   total 262144K, used 9277K [0x0000000701200000, 0x0000000800000000)
  region size 1024K, 4 young (4096K), 4 survivors (4096K)
 Metaspace       used 25529K, capacity 26060K, committed 26240K, reserved 1073152K
  class space    used 2973K, capacity 3165K, committed 3200K, reserved 1048576K
}
Event: 2.795 GC heap before
{Heap before GC invocations=4 (full 0):
 garbage-first heap   total 262144K, used 69693K [0x0000000701200000, 0x0000000800000000)
  region size 1024K, 64 young (65536K), 4 survivors (4096K)
 Metaspace       used 27904K, capacity 28522K, committed 28544K, reserved 1075200K
  class space    used 3220K, capacity 3442K, committed 3456K, reserved 1048576K
}
Event: 2.802 GC heap after
{Heap after GC invocations=5 (full 0):
 garbage-first heap   total 262144K, used 10472K [0x0000000701200000, 0x0000000800000000)
  region size 1024K, 5 young (5120K), 5 survivors (5120K)
 Metaspace       used 27904K, capacity 28522K, committed 28544K, reserved 1075200K
  class space    used 3220K, capacity 3442K, committed 3456K, reserved 1048576K
}
Event: 4.033 GC heap before
{Heap before GC invocations=5 (full 0):
 garbage-first heap   total 262144K, used 55528K [0x0000000701200000, 0x0000000800000000)
  region size 1024K, 50 young (51200K), 5 survivors (5120K)
 Metaspace       used 34882K, capacity 35749K, committed 35840K, reserved 1081344K
  class space    used 4164K, capacity 4521K, committed 4608K, reserved 1048576K
}
Event: 4.046 GC heap after
{Heap after GC invocations=6 (full 0):
 garbage-first heap   total 315392K, used 13512K [0x0000000701200000, 0x0000000800000000)
  region size 1024K, 8 young (8192K), 8 survivors (8192K)
 Metaspace       used 34882K, capacity 35749K, committed 35840K, reserved 1081344K
  class space    used 4164K, capacity 4521K, committed 4608K, reserved 1048576K
}
Event: 5.967 GC heap before
{Heap before GC invocations=7 (full 0):
 garbage-first heap   total 315392K, used 137416K [0x0000000701200000, 0x0000000800000000)
  region size 1024K, 130 young (133120K), 8 survivors (8192K)
 Metaspace       used 52361K, capacity 53369K, committed 53632K, reserved 1095680K
  class space    used 6544K, capacity 6956K, committed 7040K, reserved 1048576K
}
Event: 5.984 GC heap after
{Heap after GC invocations=8 (full 0):
 garbage-first heap   total 315392K, used 17642K [0x0000000701200000, 0x0000000800000000)
  region size 1024K, 12 young (12288K), 12 survivors (12288K)
 Metaspace       used 52361K, capacity 53369K, committed 53632K, reserved 1095680K
  class space    used 6544K, capacity 6956K, committed 7040K, reserved 1048576K
}
Event: 7.136 GC heap before
{Heap before GC invocations=8 (full 0):
 garbage-first heap   total 315392K, used 63722K [0x0000000701200000, 0x0000000800000000)
  region size 1024K, 59 young (60416K), 12 survivors (12288K)
 Metaspace       used 58866K, capacity 60041K, committed 60160K, reserved 1101824K
  class space    used 7501K, capacity 8000K, committed 8064K, reserved 1048576K
}
Event: 7.155 GC heap after
{Heap after GC invocations=9 (full 0):
 garbage-first heap   total 315392K, used 19999K [0x0000000701200000, 0x0000000800000000)
  region size 1024K, 14 young (14336K), 14 survivors (14336K)
 Metaspace       used 58866K, capacity 60041K, committed 60160K, reserved 1101824K
  class space    used 7501K, capacity 8000K, committed 8064K, reserved 1048576K
}

