# JRE version: Java(TM) SE Runtime Environment (11.0.5+10) (build 11.0.5+10-LTS)
# Java VM: Java HotSpot(TM) 64-Bit Server VM (11.0.5+10-LTS, mixed mode, tiered, compressed oops, g1 gc, windows-amd64)
Heap:
 garbage-first heap   total 315392K, used 109678K [0x0000000701200000, 0x0000000800000000)
  region size 1024K, 100 young (102400K), 11 survivors (11264K)
 Metaspace       used 61958K, capacity 63338K, committed 63488K, reserved 1103872K
  class space    used 7853K, capacity 8393K, committed 8448K, reserved 1048576K
GC Heap History (10 events):
Event: 2.776 GC heap before
{Heap before GC invocations=3 (full 0):
 garbage-first heap   total 262144K, used 30927K [0x0000000701200000, 0x0000000800000000)
  region size 1024K, 27 young (27648K), 5 survivors (5120K)
 Metaspace       used 25302K, capacity 25849K, committed 25984K, reserved 1073152K
  class space    used 2935K, capacity 3116K, committed 3200K, reserved 1048576K
}
Event: 2.784 GC heap after
{Heap after GC invocations=4 (full 0):
 garbage-first heap   total 262144K, used 9140K [0x0000000701200000, 0x0000000800000000)
  region size 1024K, 1 young (1024K), 1 survivors (1024K)
 Metaspace       used 25302K, capacity 25849K, committed 25984K, reserved 1073152K
  class space    used 2935K, capacity 3116K, committed 3200K, reserved 1048576K
}
Event: 3.283 GC heap before
{Heap before GC invocations=4 (full 0):
 garbage-first heap   total 262144K, used 68532K [0x0000000701200000, 0x0000000800000000)
  region size 1024K, 60 young (61440K), 1 survivors (1024K)
 Metaspace       used 27077K, capacity 27701K, committed 27904K, reserved 1073152K
  class space    used 3125K, capacity 3327K, committed 3328K, reserved 1048576K
}
Event: 3.286 GC heap after
{Heap after GC invocations=5 (full 0):
 garbage-first heap   total 262144K, used 10017K [0x0000000701200000, 0x0000000800000000)
  region size 1024K, 2 young (2048K), 2 survivors (2048K)
 Metaspace       used 27077K, capacity 27701K, committed 27904K, reserved 1073152K
  class space    used 3125K, capacity 3327K, committed 3328K, reserved 1048576K
}
Event: 5.941 GC heap before
{Heap before GC invocations=5 (full 0):
 garbage-first heap   total 262144K, used 63265K [0x0000000701200000, 0x0000000800000000)
  region size 1024K, 55 young (56320K), 2 survivors (2048K)
 Metaspace       used 34578K, capacity 35476K, committed 35584K, reserved 1081344K
  class space    used 4137K, capacity 4520K, committed 4608K, reserved 1048576K
}
Event: 5.950 GC heap after
{Heap after GC invocations=6 (full 0):
 garbage-first heap   total 262144K, used 13097K [0x0000000701200000, 0x0000000800000000)
  region size 1024K, 5 young (5120K), 5 survivors (5120K)
 Metaspace       used 34578K, capacity 35476K, committed 35584K, reserved 1081344K
  class space    used 4137K, capacity 4520K, committed 4608K, reserved 1048576K
}
Event: 7.049 GC heap before
{Heap before GC invocations=7 (full 0):
 garbage-first heap   total 262144K, used 90921K [0x0000000701200000, 0x0000000800000000)
  region size 1024K, 82 young (83968K), 5 survivors (5120K)
 Metaspace       used 42531K, capacity 43525K, committed 43776K, reserved 1087488K
  class space    used 4967K, capacity 5344K, committed 5376K, reserved 1048576K
}
Event: 7.060 GC heap after
{Heap after GC invocations=8 (full 0):
 garbage-first heap   total 262144K, used 15867K [0x0000000701200000, 0x0000000800000000)
  region size 1024K, 8 young (8192K), 8 survivors (8192K)
 Metaspace       used 42531K, capacity 43525K, committed 43776K, reserved 1087488K
  class space    used 4967K, capacity 5344K, committed 5376K, reserved 1048576K
}
Event: 9.731 GC heap before
{Heap before GC invocations=8 (full 0):
 garbage-first heap   total 262144K, used 105979K [0x0000000701200000, 0x0000000800000000)
  region size 1024K, 97 young (99328K), 8 survivors (8192K)
 Metaspace       used 58467K, capacity 59626K, committed 59648K, reserved 1101824K
  class space    used 7452K, capacity 7931K, committed 7936K, reserved 1048576K
}
Event: 9.754 GC heap after
{Heap after GC invocations=9 (full 0):
 garbage-first heap   total 315392K, used 19566K [0x0000000701200000, 0x0000000800000000)
  region size 1024K, 11 young (11264K), 11 survivors (11264K)
 Metaspace       used 58467K, capacity 59626K, committed 59648K, reserved 1101824K
  class space    used 7452K, capacity 7931K, committed 7936K, reserved 1048576K
}

