# JRE version: Java(TM) SE Runtime Environment (11.0.5+10) (build 11.0.5+10-LTS)
# Java VM: Java HotSpot(TM) 64-Bit Server VM (11.0.5+10-LTS, mixed mode, tiered, compressed oops, g1 gc, windows-amd64)
Heap:
 garbage-first heap   total 262144K, used 17161K [0x0000000701200000, 0x0000000800000000)
  region size 1024K, 12 young (12288K), 5 survivors (5120K)
 Metaspace       used 29109K, capacity 29766K, committed 29824K, reserved 1075200K
  class space    used 3387K, capacity 3665K, committed 3712K, reserved 1048576K
GC Heap History (8 events):
Event: 0.688 GC heap before
{Heap before GC invocations=0 (full 0):
 garbage-first heap   total 262144K, used 14336K [0x0000000701200000, 0x0000000800000000)
  region size 1024K, 14 young (14336K), 0 survivors (0K)
 Metaspace       used 9153K, capacity 9240K, committed 9344K, reserved 1058816K
  class space    used 820K, capacity 868K, committed 896K, reserved 1048576K
}
Event: 0.721 GC heap after
{Heap after GC invocations=1 (full 0):
 garbage-first heap   total 262144K, used 5956K [0x0000000701200000, 0x0000000800000000)
  region size 1024K, 2 young (2048K), 2 survivors (2048K)
 Metaspace       used 9153K, capacity 9240K, committed 9344K, reserved 1058816K
  class space    used 820K, capacity 868K, committed 896K, reserved 1048576K
}
Event: 2.056 GC heap before
{Heap before GC invocations=1 (full 0):
 garbage-first heap   total 262144K, used 62276K [0x0000000701200000, 0x0000000800000000)
  region size 1024K, 58 young (59392K), 2 survivors (2048K)
 Metaspace       used 20677K, capacity 21115K, committed 21248K, reserved 1069056K
  class space    used 2360K, capacity 2541K, committed 2560K, reserved 1048576K
}
Event: 2.067 GC heap after
{Heap after GC invocations=2 (full 0):
 garbage-first heap   total 262144K, used 8857K [0x0000000701200000, 0x0000000800000000)
  region size 1024K, 5 young (5120K), 5 survivors (5120K)
 Metaspace       used 20677K, capacity 21115K, committed 21248K, reserved 1069056K
  class space    used 2360K, capacity 2541K, committed 2560K, reserved 1048576K
}
Event: 2.600 GC heap before
{Heap before GC invocations=3 (full 0):
 garbage-first heap   total 262144K, used 44697K [0x0000000701200000, 0x0000000800000000)
  region size 1024K, 41 young (41984K), 5 survivors (5120K)
 Metaspace       used 25778K, capacity 26344K, committed 26496K, reserved 1073152K
  class space    used 2993K, capacity 3196K, committed 3200K, reserved 1048576K
}
Event: 2.609 GC heap after
{Heap after GC invocations=4 (full 0):
 garbage-first heap   total 262144K, used 9564K [0x0000000701200000, 0x0000000800000000)
  region size 1024K, 4 young (4096K), 4 survivors (4096K)
 Metaspace       used 25778K, capacity 26344K, committed 26496K, reserved 1073152K
  class space    used 2993K, capacity 3196K, committed 3200K, reserved 1048576K
}
Event: 3.723 GC heap before
{Heap before GC invocations=4 (full 0):
 garbage-first heap   total 262144K, used 68956K [0x0000000701200000, 0x0000000800000000)
  region size 1024K, 63 young (64512K), 4 survivors (4096K)
 Metaspace       used 28321K, capacity 28998K, committed 29184K, reserved 1075200K
  class space    used 3275K, capacity 3537K, committed 3584K, reserved 1048576K
}
Event: 3.730 GC heap after
{Heap after GC invocations=5 (full 0):
 garbage-first heap   total 262144K, used 11017K [0x0000000701200000, 0x0000000800000000)
  region size 1024K, 5 young (5120K), 5 survivors (5120K)
 Metaspace       used 28321K, capacity 28998K, committed 29184K, reserved 1075200K
  class space    used 3275K, capacity 3537K, committed 3584K, reserved 1048576K
}

