# JRE version: Java(TM) SE Runtime Environment (11.0.5+10) (build 11.0.5+10-LTS)
# Java VM: Java HotSpot(TM) 64-Bit Server VM (11.0.5+10-LTS, mixed mode, tiered, compressed oops, g1 gc, windows-amd64)
Heap:
 garbage-first heap   total 315392K, used 137582K [0x0000000701200000, 0x0000000800000000)
  region size 1024K, 130 young (133120K), 14 survivors (14336K)
 Metaspace       used 69461K, capacity 70952K, committed 71244K, reserved 1112064K
  class space    used 8840K, capacity 9430K, committed 9548K, reserved 1048576K
GC Heap History (10 events):
Event: 2.398 GC heap before
{Heap before GC invocations=5 (full 0):
 garbage-first heap   total 262144K, used 50589K [0x0000000701200000, 0x0000000800000000)
  region size 1024K, 45 young (46080K), 3 survivors (3072K)
 Metaspace       used 25792K, capacity 26343K, committed 26496K, reserved 1073152K
  class space    used 3001K, capacity 3196K, committed 3200K, reserved 1048576K
}
Event: 2.404 GC heap after
{Heap after GC invocations=6 (full 0):
 garbage-first heap   total 262144K, used 9531K [0x0000000701200000, 0x0000000800000000)
  region size 1024K, 4 young (4096K), 4 survivors (4096K)
 Metaspace       used 25792K, capacity 26343K, committed 26496K, reserved 1073152K
  class space    used 3001K, capacity 3196K, committed 3200K, reserved 1048576K
}
Event: 4.507 GC heap before
{Heap before GC invocations=6 (full 0):
 garbage-first heap   total 262144K, used 80187K [0x0000000701200000, 0x0000000800000000)
  region size 1024K, 74 young (75776K), 4 survivors (4096K)
 Metaspace       used 30311K, capacity 31063K, committed 31232K, reserved 1077248K
  class space    used 3575K, capacity 3840K, committed 3840K, reserved 1048576K
}
Event: 4.515 GC heap after
{Heap after GC invocations=7 (full 0):
 garbage-first heap   total 262144K, used 11600K [0x0000000701200000, 0x0000000800000000)
  region size 1024K, 6 young (6144K), 6 survivors (6144K)
 Metaspace       used 30311K, capacity 31063K, committed 31232K, reserved 1077248K
  class space    used 3575K, capacity 3840K, committed 3840K, reserved 1048576K
}
Event: 5.669 GC heap before
{Heap before GC invocations=7 (full 0):
 garbage-first heap   total 262144K, used 39248K [0x0000000701200000, 0x0000000800000000)
  region size 1024K, 34 young (34816K), 6 survivors (6144K)
 Metaspace       used 34865K, capacity 35733K, committed 35840K, reserved 1081344K
  class space    used 4196K, capacity 4558K, committed 4608K, reserved 1048576K
}
Event: 5.685 GC heap after
{Heap after GC invocations=8 (full 0):
 garbage-first heap   total 315392K, used 13900K [0x0000000701200000, 0x0000000800000000)
  region size 1024K, 8 young (8192K), 8 survivors (8192K)
 Metaspace       used 34865K, capacity 35733K, committed 35840K, reserved 1081344K
  class space    used 4196K, capacity 4558K, committed 4608K, reserved 1048576K
}
Event: 8.170 GC heap before
{Heap before GC invocations=9 (full 0):
 garbage-first heap   total 315392K, used 143948K [0x0000000701200000, 0x0000000800000000)
  region size 1024K, 136 young (139264K), 8 survivors (8192K)
 Metaspace       used 53506K, capacity 54605K, committed 54860K, reserved 1097728K
  class space    used 6780K, capacity 7196K, committed 7244K, reserved 1048576K
}
Event: 8.185 GC heap after
{Heap after GC invocations=10 (full 0):
 garbage-first heap   total 315392K, used 18281K [0x0000000701200000, 0x0000000800000000)
  region size 1024K, 12 young (12288K), 12 survivors (12288K)
 Metaspace       used 53506K, capacity 54605K, committed 54860K, reserved 1097728K
  class space    used 6780K, capacity 7196K, committed 7244K, reserved 1048576K
}
Event: 9.091 GC heap before
{Heap before GC invocations=10 (full 0):
 garbage-first heap   total 315392K, used 51049K [0x0000000701200000, 0x0000000800000000)
  region size 1024K, 45 young (46080K), 12 survivors (12288K)
 Metaspace       used 58892K, capacity 60097K, committed 60236K, reserved 1101824K
  class space    used 7529K, capacity 7997K, committed 8012K, reserved 1048576K
}
Event: 9.115 GC heap after
{Heap after GC invocations=11 (full 0):
 garbage-first heap   total 315392K, used 19822K [0x0000000701200000, 0x0000000800000000)
  region size 1024K, 14 young (14336K), 14 survivors (14336K)
 Metaspace       used 58892K, capacity 60097K, committed 60236K, reserved 1101824K
  class space    used 7529K, capacity 7997K, committed 8012K, reserved 1048576K
}

