# JRE version: Java(TM) SE Runtime Environment (11.0.5+10) (build 11.0.5+10-LTS)
# Java VM: Java HotSpot(TM) 64-Bit Server VM (11.0.5+10-LTS, mixed mode, tiered, compressed oops, g1 gc, windows-amd64)
Heap:
 garbage-first heap   total 379904K, used 36554K [0x0000000701200000, 0x0000000800000000)
  region size 1024K, 30 young (30720K), 16 survivors (16384K)
 Metaspace       used 69828K, capacity 71335K, committed 71500K, reserved 1112064K
  class space    used 8840K, capacity 9430K, committed 9548K, reserved 1048576K
GC Heap History (10 events):
Event: 3.119 GC heap before
{Heap before GC invocations=5 (full 0):
 garbage-first heap   total 262144K, used 72115K [0x0000000701200000, 0x0000000800000000)
  region size 1024K, 66 young (67584K), 4 survivors (4096K)
 Metaspace       used 29087K, capacity 29764K, committed 29824K, reserved 1075200K
  class space    used 3391K, capacity 3665K, committed 3712K, reserved 1048576K
}
Event: 3.128 GC heap after
{Heap after GC invocations=6 (full 0):
 garbage-first heap   total 316416K, used 11088K [0x0000000701200000, 0x0000000800000000)
  region size 1024K, 5 young (5120K), 5 survivors (5120K)
 Metaspace       used 29087K, capacity 29764K, committed 29824K, reserved 1075200K
  class space    used 3391K, capacity 3665K, committed 3712K, reserved 1048576K
}
Event: 4.813 GC heap before
{Heap before GC invocations=6 (full 0):
 garbage-first heap   total 316416K, used 47952K [0x0000000701200000, 0x0000000800000000)
  region size 1024K, 42 young (43008K), 5 survivors (5120K)
 Metaspace       used 34614K, capacity 35474K, committed 35584K, reserved 1081344K
  class space    used 4179K, capacity 4558K, committed 4608K, reserved 1048576K
}
Event: 4.827 GC heap after
{Heap after GC invocations=7 (full 0):
 garbage-first heap   total 316416K, used 13804K [0x0000000701200000, 0x0000000800000000)
  region size 1024K, 8 young (8192K), 8 survivors (8192K)
 Metaspace       used 34614K, capacity 35474K, committed 35584K, reserved 1081344K
  class space    used 4179K, capacity 4558K, committed 4608K, reserved 1048576K
}
Event: 6.678 GC heap before
{Heap before GC invocations=8 (full 0):
 garbage-first heap   total 316416K, used 105964K [0x0000000701200000, 0x0000000800000000)
  region size 1024K, 99 young (101376K), 8 survivors (8192K)
 Metaspace       used 45538K, capacity 46590K, committed 46720K, reserved 1089536K
  class space    used 5533K, capacity 5913K, committed 6016K, reserved 1048576K
}
Event: 6.696 GC heap after
{Heap after GC invocations=9 (full 0):
 garbage-first heap   total 316416K, used 16913K [0x0000000701200000, 0x0000000800000000)
  region size 1024K, 10 young (10240K), 10 survivors (10240K)
 Metaspace       used 45538K, capacity 46590K, committed 46720K, reserved 1089536K
  class space    used 5533K, capacity 5913K, committed 6016K, reserved 1048576K
}
Event: 10.134 GC heap before
{Heap before GC invocations=9 (full 0):
 garbage-first heap   total 316416K, used 85521K [0x0000000701200000, 0x0000000800000000)
  region size 1024K, 78 young (79872K), 10 survivors (10240K)
 Metaspace       used 58476K, capacity 59654K, committed 59736K, reserved 1101824K
  class space    used 7471K, capacity 7935K, committed 7936K, reserved 1048576K
}
Event: 10.169 GC heap after
{Heap after GC invocations=10 (full 0):
 garbage-first heap   total 316416K, used 20064K [0x0000000701200000, 0x0000000800000000)
  region size 1024K, 13 young (13312K), 13 survivors (13312K)
 Metaspace       used 58476K, capacity 59654K, committed 59736K, reserved 1101824K
  class space    used 7471K, capacity 7935K, committed 7936K, reserved 1048576K
}
Event: 373530.873 GC heap before
{Heap before GC invocations=11 (full 0):
 garbage-first heap   total 316416K, used 196192K [0x0000000701200000, 0x0000000800000000)
  region size 1024K, 185 young (189440K), 13 survivors (13312K)
 Metaspace       used 69783K, capacity 71271K, committed 71500K, reserved 1112064K
  class space    used 8840K, capacity 9430K, committed 9548K, reserved 1048576K
}
Event: 373531.032 GC heap after
{Heap after GC invocations=12 (full 0):
 garbage-first heap   total 379904K, used 23242K [0x0000000701200000, 0x0000000800000000)
  region size 1024K, 16 young (16384K), 16 survivors (16384K)
 Metaspace       used 69783K, capacity 71271K, committed 71500K, reserved 1112064K
  class space    used 8840K, capacity 9430K, committed 9548K, reserved 1048576K
}

